\BOOKMARK [0][-]{chapter.1}{\376\377\000A\000n\000a\000l\000i\000z\000a\000\040\000p\000r\000o\000b\000l\000e\000m\000u\000\040\000i\000\040\000p\000r\000z\000e\000g\000l\001\005\000d\000\040\000i\000s\000t\000n\000i\000e\000j\001\005\000c\000y\000c\000h\000\040\000r\000o\000z\000w\000i\001\005\000z\000a\001\104}{}% 1
\BOOKMARK [1][-]{section.1.1}{\376\377\000C\000h\000a\000r\000a\000k\000t\000e\000r\000y\000s\000t\000y\000k\000a\000\040\000p\000r\000o\000b\000l\000e\000m\000u}{chapter.1}% 2
\BOOKMARK [1][-]{section.1.2}{\376\377\000S\000k\000u\000t\000k\000i\000\040\000b\000r\000a\000k\000u\000\040\000c\000e\000n\000t\000r\000a\000l\000n\000e\000g\000o\000\040\000s\000y\000s\000t\000e\000m\000u}{chapter.1}% 3
\BOOKMARK [1][-]{section.1.3}{\376\377\000C\000e\000l\000\040\000p\000r\000o\000j\000e\000k\000t\000o\000w\000a\000n\000e\000g\000o\000\040\000s\000y\000s\000t\000e\000m\000u}{chapter.1}% 4
\BOOKMARK [1][-]{section.1.4}{\376\377\000P\000r\000z\000e\000g\000l\001\005\000d\000\040\000i\000s\000t\000n\000i\000e\000j\001\005\000c\000y\000c\000h\000\040\000r\000o\000z\000w\000i\001\005\000z\000a\001\104}{chapter.1}% 5
\BOOKMARK [2][-]{subsection.1.4.1}{\376\377\000C\000a\000r\000D\000r\000i\000v\000e\000M\000a\000n\000a\000g\000e\000r}{section.1.4}% 6
\BOOKMARK [2][-]{subsection.1.4.2}{\376\377\000P\000o\000r\000t\000a\000l\000\040\000O\000S\000K}{section.1.4}% 7
\BOOKMARK [2][-]{subsection.1.4.3}{\376\377\000O\000S\000K\000A\000d\000m\000i\000n}{section.1.4}% 8
\BOOKMARK [2][-]{subsection.1.4.4}{\376\377\000e\000O\000S\000K}{section.1.4}% 9
\BOOKMARK [1][-]{section.1.5}{\376\377\000P\000o\000r\000\363\000w\000n\000a\000n\000i\000e\000\040\000r\000o\000z\000w\000i\001\005\000z\000a\001\104}{chapter.1}% 10
\BOOKMARK [1][-]{section.1.6}{\376\377\000W\000n\000i\000o\000s\000k\000i\000\040\000z\000\040\000a\000n\000a\000l\000i\000z\000y}{chapter.1}% 11
\BOOKMARK [0][-]{chapter.2}{\376\377\000O\000p\000i\000s\000\040\000b\000i\000z\000n\000e\000s\000o\000w\000y\000\040\000s\000y\000s\000t\000e\000m\000u}{}% 12
\BOOKMARK [1][-]{section.2.1}{\376\377\000W\000y\000m\000a\000g\000a\000n\000i\000a\000\040\000f\000u\000n\000k\000c\000j\000o\000n\000a\000l\000n\000e}{chapter.2}% 13
\BOOKMARK [1][-]{section.2.2}{\376\377\000W\000y\000m\000a\000g\000a\000n\000i\000a\000\040\000n\000i\000e\000f\000u\000n\000k\000c\000j\000o\000n\000a\000l\000n\000e}{chapter.2}% 14
\BOOKMARK [0][-]{chapter.3}{\376\377\000M\000o\000d\000e\000l\000o\000w\000a\000n\000i\000e\000\040\000s\000y\000s\000t\000e\000m\000u}{}% 15
\BOOKMARK [1][-]{section.3.1}{\376\377\000D\000i\000a\000g\000r\000a\000m\000\040\000p\000r\000z\000y\000p\000a\000d\000k\000\363\000w\000\040\000u\001\174\000y\000c\000i\000a}{chapter.3}% 16
\BOOKMARK [1][-]{section.3.2}{\376\377\000D\000i\000a\000g\000r\000a\000m\000\040\000k\000l\000a\000s}{chapter.3}% 17
\BOOKMARK [1][-]{section.3.3}{\376\377\000S\000c\000e\000n\000a\000r\000i\000u\000s\000z\000e\000\040\000p\000r\000z\000y\000p\000a\000d\000k\000\363\000w\000\040\000u\001\174\000y\000c\000i\000a}{chapter.3}% 18
\BOOKMARK [2][-]{subsection.3.3.1}{\376\377\000S\000c\000e\000n\000a\000r\000i\000u\000s\000z\000\040\000P\000U\000-\0000\0001\000:\000\040\000Z\000a\000p\000l\000a\000n\000o\000w\000a\000n\000i\000e\000\040\000l\000e\000k\000c\000j\000i\000\040\000p\000r\000a\000k\000t\000y\000c\000z\000n\000e\000j}{section.3.3}% 19
\BOOKMARK [2][-]{subsection.3.3.2}{\376\377\000S\000c\000e\000n\000a\000r\000i\000u\000s\000z\000\040\000P\000U\000-\0000\0002\000:\000\040\000O\000c\000e\000n\000a\000\040\000z\000a\000k\000o\001\104\000c\000z\000o\000n\000e\000j\000\040\000l\000e\000k\000c\000j\000i}{section.3.3}% 20
\BOOKMARK [1][-]{section.3.4}{\376\377\000D\000i\000a\000g\000r\000a\000m\000y\000\040\000a\000k\000t\000y\000w\000n\000o\001\133\000c\000i}{chapter.3}% 21
\BOOKMARK [2][-]{subsection.3.4.1}{\376\377\000D\000i\000a\000g\000r\000a\000m\000\040\000a\000k\000t\000y\000w\000n\000o\001\133\000c\000i\000:\000\040\000z\000a\000p\000l\000a\000n\000o\000w\000a\000n\000i\000e\000\040\000l\000e\000k\000c\000j\000i\000\040\000p\000r\000a\000k\000t\000y\000c\000z\000n\000e\000j}{section.3.4}% 22
\BOOKMARK [2][-]{subsection.3.4.2}{\376\377\000D\000i\000a\000g\000r\000a\000m\000\040\000a\000k\000t\000y\000w\000n\000o\001\133\000c\000i\000:\000\040\000o\000c\000e\000n\000a\000\040\000z\000a\000k\000o\001\104\000c\000z\000o\000n\000e\000j\000\040\000l\000e\000k\000c\000j\000i}{section.3.4}% 23
\BOOKMARK [1][-]{section.3.5}{\376\377\000D\000i\000a\000g\000r\000a\000m\000y\000\040\000s\000e\000k\000w\000e\000n\000c\000j\000i}{chapter.3}% 24
\BOOKMARK [2][-]{subsection.3.5.1}{\376\377\000D\000i\000a\000g\000r\000a\000m\000\040\000s\000e\000k\000w\000e\000n\000c\000j\000i\000:\000\040\000z\000a\000p\000l\000a\000n\000o\000w\000a\000n\000i\000e\000\040\000l\000e\000k\000c\000j\000i\000\040\000p\000r\000a\000k\000t\000y\000c\000z\000n\000e\000j}{section.3.5}% 25
\BOOKMARK [2][-]{subsection.3.5.2}{\376\377\000D\000i\000a\000g\000r\000a\000m\000\040\000s\000e\000k\000w\000e\000n\000c\000j\000i\000:\000\040\000o\000c\000e\000n\000a\000\040\000z\000a\000k\000o\001\104\000c\000z\000o\000n\000e\000j\000\040\000l\000e\000k\000c\000j\000i}{section.3.5}% 26
\BOOKMARK [1][-]{section.3.6}{\376\377\000D\000i\000a\000g\000r\000a\000m\000y\000\040\000s\000t\000a\000n\000\363\000w}{chapter.3}% 27
\BOOKMARK [2][-]{subsection.3.6.1}{\376\377\000D\000i\000a\000g\000r\000a\000m\000\040\000s\000t\000a\000n\000\363\000w\000:\000\040\000k\000u\000r\000s}{section.3.6}% 28
\BOOKMARK [2][-]{subsection.3.6.2}{\376\377\000D\000i\000a\000g\000r\000a\000m\000\040\000s\000t\000a\000n\000\363\000w\000:\000\040\000l\000e\000k\000c\000j\000a}{section.3.6}% 29
\BOOKMARK [0][-]{figure.caption.9}{\376\377\000S\000p\000i\000s\000\040\000r\000y\000s\000u\000n\000k\000\363\000w}{}% 30
\BOOKMARK [0][-]{figure.caption.9}{\376\377\000S\000p\000i\000s\000\040\000t\000a\000b\000e\000l}{}% 31
\BOOKMARK [0][-]{figure.caption.9}{\376\377\000S\000p\000i\000s\000\040\000l\000i\000s\000t\000i\000n\000g\000\363\000w}{}% 32
\BOOKMARK [0][-]{chapter*.10}{\376\377\000B\000i\000b\000l\000i\000o\000g\000r\000a\000f\000i\000a}{}% 33
